# JRE version: OpenJDK Runtime Environment (8.0_242-b01) (build 1.8.0_242-release-1644-b01)
# Java VM: OpenJDK 64-Bit Server VM (25.242-b01 mixed mode windows-amd64 compressed oops)
Heap:
 PSYoungGen      total 675840K, used 641101K [0x00000000d5580000, 0x00000000ffd80000, 0x0000000100000000)
  eden space 658432K, 97% used [0x00000000d5580000,0x00000000fc7934d8,0x00000000fd880000)
  from space 17408K, 0% used [0x00000000fec80000,0x00000000fec80000,0x00000000ffd80000)
  to   space 18944K, 0% used [0x00000000fd880000,0x00000000fd880000,0x00000000feb00000)
 ParOldGen       total 80384K, used 30818K [0x0000000080000000, 0x0000000084e80000, 0x00000000d5580000)
  object space 80384K, 38% used [0x0000000080000000,0x0000000081e188b8,0x0000000084e80000)
 Metaspace       used 82392K, capacity 86466K, committed 86744K, reserved 1124352K
  class space    used 10725K, capacity 11492K, committed 11520K, reserved 1048576K
GC Heap History (10 events):
Event: 329.911 GC heap before
{Heap before GC invocations=47 (full 2):
 PSYoungGen      total 639488K, used 626752K [0x00000000d5580000, 0x00000000fe080000, 0x0000000100000000)
  eden space 623616K, 100% used [0x00000000d5580000,0x00000000fb680000,0x00000000fb680000)
  from space 15872K, 19% used [0x00000000fd100000,0x00000000fd410010,0x00000000fe080000)
  to   space 21504K, 0% used [0x00000000fb680000,0x00000000fb680000,0x00000000fcb80000)
 ParOldGen       total 54272K, used 37750K [0x0000000080000000, 0x0000000083500000, 0x00000000d5580000)
  object space 54272K, 69% used [0x0000000080000000,0x00000000824dda70,0x0000000083500000)
 Metaspace       used 51793K, capacity 54064K, committed 54144K, reserved 1095680K
  class space    used 6568K, capacity 6979K, committed 7040K, reserved 1048576K
Event: 329.966 GC heap after
Heap after GC invocations=47 (full 2):
 PSYoungGen      total 645120K, used 2880K [0x00000000d5580000, 0x0000000100000000, 0x0000000100000000)
  eden space 623616K, 0% used [0x00000000d5580000,0x00000000d5580000,0x00000000fb680000)
  from space 21504K, 13% used [0x00000000fb680000,0x00000000fb950010,0x00000000fcb80000)
  to   space 20992K, 0% used [0x00000000feb80000,0x00000000feb80000,0x0000000100000000)
 ParOldGen       total 54272K, used 37966K [0x0000000080000000, 0x0000000083500000, 0x00000000d5580000)
  object space 54272K, 69% used [0x0000000080000000,0x0000000082513a70,0x0000000083500000)
 Metaspace       used 51793K, capacity 54064K, committed 54144K, reserved 1095680K
  class space    used 6568K, capacity 6979K, committed 7040K, reserved 1048576K
}
Event: 334.928 GC heap before
{Heap before GC invocations=48 (full 2):
 PSYoungGen      total 645120K, used 626496K [0x00000000d5580000, 0x0000000100000000, 0x0000000100000000)
  eden space 623616K, 100% used [0x00000000d5580000,0x00000000fb680000,0x00000000fb680000)
  from space 21504K, 13% used [0x00000000fb680000,0x00000000fb950010,0x00000000fcb80000)
  to   space 20992K, 0% used [0x00000000feb80000,0x00000000feb80000,0x0000000100000000)
 ParOldGen       total 54272K, used 37966K [0x0000000080000000, 0x0000000083500000, 0x00000000d5580000)
  object space 54272K, 69% used [0x0000000080000000,0x0000000082513a70,0x0000000083500000)
 Metaspace       used 51794K, capacity 54064K, committed 54144K, reserved 1095680K
  class space    used 6568K, capacity 6979K, committed 7040K, reserved 1048576K
Event: 334.959 GC heap after
Heap after GC invocations=48 (full 2):
 PSYoungGen      total 675840K, used 4320K [0x00000000d5580000, 0x00000000ffe80000, 0x0000000100000000)
  eden space 656384K, 0% used [0x00000000d5580000,0x00000000d5580000,0x00000000fd680000)
  from space 19456K, 22% used [0x00000000feb80000,0x00000000fefb8010,0x00000000ffe80000)
  to   space 20480K, 0% used [0x00000000fd680000,0x00000000fd680000,0x00000000fea80000)
 ParOldGen       total 54272K, used 40702K [0x0000000080000000, 0x0000000083500000, 0x00000000d5580000)
  object space 54272K, 74% used [0x0000000080000000,0x00000000827bfa90,0x0000000083500000)
 Metaspace       used 51794K, capacity 54064K, committed 54144K, reserved 1095680K
  class space    used 6568K, capacity 6979K, committed 7040K, reserved 1048576K
}
Event: 348.189 GC heap before
{Heap before GC invocations=49 (full 2):
 PSYoungGen      total 675840K, used 660704K [0x00000000d5580000, 0x00000000ffe80000, 0x0000000100000000)
  eden space 656384K, 100% used [0x00000000d5580000,0x00000000fd680000,0x00000000fd680000)
  from space 19456K, 22% used [0x00000000feb80000,0x00000000fefb8010,0x00000000ffe80000)
  to   space 20480K, 0% used [0x00000000fd680000,0x00000000fd680000,0x00000000fea80000)
 ParOldGen       total 54272K, used 40702K [0x0000000080000000, 0x0000000083500000, 0x00000000d5580000)
  object space 54272K, 74% used [0x0000000080000000,0x00000000827bfa90,0x0000000083500000)
 Metaspace       used 51826K, capacity 54132K, committed 54400K, reserved 1097728K
  class space    used 6568K, capacity 6979K, committed 7040K, reserved 1048576K
Event: 348.331 GC heap after
Heap after GC invocations=49 (full 2):
 PSYoungGen      total 676864K, used 4658K [0x00000000d5580000, 0x0000000100000000, 0x0000000100000000)
  eden space 656384K, 0% used [0x00000000d5580000,0x00000000d5580000,0x00000000fd680000)
  from space 20480K, 22% used [0x00000000fd680000,0x00000000fdb0c970,0x00000000fea80000)
  to   space 19968K, 0% used [0x00000000fec80000,0x00000000fec80000,0x0000000100000000)
 ParOldGen       total 54272K, used 41546K [0x0000000080000000, 0x0000000083500000, 0x00000000d5580000)
  object space 54272K, 76% used [0x0000000080000000,0x0000000082892ab0,0x0000000083500000)
 Metaspace       used 51826K, capacity 54132K, committed 54400K, reserved 1097728K
  class space    used 6568K, capacity 6979K, committed 7040K, reserved 1048576K
}
Event: 363.361 GC heap before
{Heap before GC invocations=50 (full 2):
 PSYoungGen      total 676864K, used 413464K [0x00000000d5580000, 0x0000000100000000, 0x0000000100000000)
  eden space 656384K, 62% used [0x00000000d5580000,0x00000000ee4b98a8,0x00000000fd680000)
  from space 20480K, 22% used [0x00000000fd680000,0x00000000fdb0c970,0x00000000fea80000)
  to   space 19968K, 0% used [0x00000000fec80000,0x00000000fec80000,0x0000000100000000)
 ParOldGen       total 54272K, used 41546K [0x0000000080000000, 0x0000000083500000, 0x00000000d5580000)
  object space 54272K, 76% used [0x0000000080000000,0x0000000082892ab0,0x0000000083500000)
 Metaspace       used 56549K, capacity 59000K, committed 59096K, reserved 1101824K
  class space    used 7169K, capacity 7625K, committed 7680K, reserved 1048576K
Event: 363.395 GC heap after
Heap after GC invocations=50 (full 2):
 PSYoungGen      total 675840K, used 5971K [0x00000000d5580000, 0x00000000ffd80000, 0x0000000100000000)
  eden space 658432K, 0% used [0x00000000d5580000,0x00000000d5580000,0x00000000fd880000)
  from space 17408K, 34% used [0x00000000fec80000,0x00000000ff254f48,0x00000000ffd80000)
  to   space 18944K, 0% used [0x00000000fd880000,0x00000000fd880000,0x00000000feb00000)
 ParOldGen       total 54272K, used 41970K [0x0000000080000000, 0x0000000083500000, 0x00000000d5580000)
  object space 54272K, 77% used [0x0000000080000000,0x00000000828fcab0,0x0000000083500000)
 Metaspace       used 56549K, capacity 59000K, committed 59096K, reserved 1101824K
  class space    used 7169K, capacity 7625K, committed 7680K, reserved 1048576K
}
Event: 363.395 GC heap before
{Heap before GC invocations=51 (full 3):
 PSYoungGen      total 675840K, used 5971K [0x00000000d5580000, 0x00000000ffd80000, 0x0000000100000000)
  eden space 658432K, 0% used [0x00000000d5580000,0x00000000d5580000,0x00000000fd880000)
  from space 17408K, 34% used [0x00000000fec80000,0x00000000ff254f48,0x00000000ffd80000)
  to   space 18944K, 0% used [0x00000000fd880000,0x00000000fd880000,0x00000000feb00000)
 ParOldGen       total 54272K, used 41970K [0x0000000080000000, 0x0000000083500000, 0x00000000d5580000)
  object space 54272K, 77% used [0x0000000080000000,0x00000000828fcab0,0x0000000083500000)
 Metaspace       used 56549K, capacity 59000K, committed 59096K, reserved 1101824K
  class space    used 7169K, capacity 7625K, committed 7680K, reserved 1048576K
Event: 365.175 GC heap after
Heap after GC invocations=51 (full 3):
 PSYoungGen      total 675840K, used 0K [0x00000000d5580000, 0x00000000ffd80000, 0x0000000100000000)
  eden space 658432K, 0% used [0x00000000d5580000,0x00000000d5580000,0x00000000fd880000)
  from space 17408K, 0% used [0x00000000fec80000,0x00000000fec80000,0x00000000ffd80000)
  to   space 18944K, 0% used [0x00000000fd880000,0x00000000fd880000,0x00000000feb00000)
 ParOldGen       total 80384K, used 30818K [0x0000000080000000, 0x0000000084e80000, 0x00000000d5580000)
  object space 80384K, 38% used [0x0000000080000000,0x0000000081e188b8,0x0000000084e80000)
 Metaspace       used 56444K, capacity 58804K, committed 59096K, reserved 1101824K
  class space    used 7138K, capacity 7586K, committed 7680K, reserved 1048576K
}

